正在下载歌曲 The truth that you leave-Pianoboy高至豪.mp3
正在下载歌曲 城南花已开-三亩地.mp3
正在下载歌曲 Go Time-Mark Petrie.mp3
正在下载歌曲 Breath and Life-Audio Machine.mp3
正在下载歌曲 A Little Story-Valentin.mp3
正在下载歌曲 Flower Dance-DJ Okawari.mp3
正在下载歌曲 My Soul-July.mp3
正在下载歌曲 Purple Passion-Diana Boncheva.mp3
正在下载歌曲 風の住む街-磯村由纪子.mp3
正在下载歌曲 Refrain-Anan Ryoko.mp3
正在下载歌曲 Croatian Rhapsody-Maksim Mrvica.mp3
正在下载歌曲 Tassel-Cymophane.mp3
正在下载歌曲 Sakura Tears-Nigel Silin.mp3
正在下载歌曲 Empire of Angels-Thomas Bergersen.mp3
正在下载歌曲 Rain after Summer-羽肿.mp3
正在下载歌曲 いつも何度でも-宗次郎.mp3
正在下载歌曲 Where Is the Love-Josh Vietti.mp3
正在下载歌曲 莫失莫忘-麦振鸿.mp3
正在下载歌曲 Because of You-Josh Vietti.mp3
正在下载歌曲 I wanna sacrifice my life for you-曾达夫DUFF.mp3
正在下载歌曲 Palace Memories-S.E.N.S..mp3
正在下载歌曲 Heaven-Julia Michaels.mp3
正在下载歌曲 NEXT TO YOU-Ken Arai.mp3
正在下载歌曲 Nobody Has to Know-Timeflies.mp3
正在下载歌曲 &burn;-Billie Eilish.mp3
正在下载歌曲 潮鳴り-折戸伸治.mp3
正在下载歌曲 小凉伴-RubberBand.mp3
正在下载歌曲 Going home-Kenny G.mp3
正在下载歌曲 I Know You Know I Love You-落日飞车.mp3
正在下载歌曲 花火が瞬く夜に-羽肿.mp3
正在下载歌曲 Distance-KillerSoap.mp3
正在下载歌曲 Luv Letter-DJ Okawari.mp3
正在下载歌曲 Beethoven Virus-Diana Boncheva.mp3
正在下载歌曲 夜明-佐藤康夫.mp3
正在下载歌曲 Paris in the Rain-Lauv.mp3
正在下载歌曲 i hate u i love u-Biscuits.mp3
正在下载歌曲 Fallin'-Jessica Mauboy.mp3
正在下载歌曲 夏恋-Otokaze.mp3
正在下载歌曲 等一场雪-孟凡明.mp3
正在下载歌曲 What Can I Say After I Say I'm Sorry - RVG Remaster-Red Garland Trio.mp3
正在下载歌曲 With An Orchid-Yanni.mp3
正在下载歌曲 最长的电影-云の泣.mp3
正在下载歌曲 Pink Champagne-Nick Lopez.mp3
正在下载歌曲 Letter-iris.mp3
正在下载歌曲 故乡的原风景-宗次郎.mp3
正在下载歌曲 如果我变成一首歌 (钢琴Demo版)-林宥嘉.mp3
正在下载歌曲 Endless-Natio.mp3
正在下载歌曲 Summertime Sadness (Basic Tape Remix)-Basic Tape.mp3
正在下载歌曲 The Rain-久石譲.mp3
正在下载歌曲 Butterfly Duet Ver.-Rhythmking.mp3
正在下载歌曲 藏 (Instrumental)-徐梦圆.mp3
正在下载歌曲 Like That-Bea Miller.mp3
正在下载歌曲 Candle In The Wind (2018 Version)-Ed Sheeran.mp3
正在下载歌曲 神经病之歌 - 二胡-小胡仙儿.mp3
正在下载歌曲 寂寞烟火-朱婧汐JING.mp3
正在下载歌曲 Better Off-Emily Vaughn.mp3
正在下载歌曲 只剩一分钟-金玟岐.mp3
正在下载歌曲 Journey-Capo Productions.mp3
正在下载歌曲 半句再见-孙燕姿.mp3
正在下载歌曲 Homemade Dynamite (Remix)-Lorde.mp3
正在下载歌曲 日が落ちるまで-ハンバート ハンバート.mp3
正在下载歌曲 不露声色-Jam.mp3
正在下载歌曲 云流れ-みかん箱.mp3
正在下载歌曲 Aftertaste-Totem.mp3
正在下载歌曲 再次爱上你-阿里郎.mp3
正在下载歌曲 成全（Cover 林宥嘉）-王凌志.mp3
正在下载歌曲 'h v n  s n τ'-junyii..mp3
正在下载歌曲 River Flows In You-Martin Ermen.mp3
正在下载歌曲 迷藏-刘昊霖.mp3
正在下载歌曲 喜欢-张悬.mp3
正在下载歌曲 Birthday-JP Cooper.mp3
正在下载歌曲 未闻花名 - 口琴版-V.A..mp3
正在下载歌曲 现任朋友-JC.mp3
正在下载歌曲 Easily-Bruno Major.mp3
正在下载歌曲 餐后甜点-任然.mp3
正在下载歌曲 不谈爱情-东南.mp3
正在下载歌曲 Re...Japanesque-DAISHI DANCE.mp3
正在下载歌曲 我想-余佳运.mp3
正在下载歌曲 浪费-林宥嘉.mp3
正在下载歌曲 这样的你-金玟岐.mp3
正在下载歌曲 唇语-任然.mp3
正在下载歌曲 Rags To Rings-Danny Mc Carthy.mp3
正在下载歌曲 june gloom.-prima.mp3
正在下载歌曲 失忆的金鱼-杨丞琳.mp3
正在下载歌曲 不想-郑诺奇.mp3
正在下载歌曲 ハルノユキ-リリィ、さよなら。.mp3
正在下载歌曲 Summer-久石譲.mp3
正在下载歌曲 <3-matt finnegan.mp3
正在下载歌曲 回忆沙漠-杨宗纬.mp3
正在下载歌曲 感谢你曾来过-Ayo97.mp3
正在下载歌曲 Autumn Breeze (Feat. Rachel Lim)-JIDA.mp3
正在下载歌曲 Promise-山岡晃.mp3
正在下载歌曲 dream of me-Jack CC.mp3
正在下载歌曲 认真的雪-薛之谦.mp3
正在下载歌曲 再见-秦洋.mp3
正在下载歌曲 放过-崔天琪.mp3
正在下载歌曲 The Right Path-Thomas Greenberg.mp3
正在下载歌曲 Take me hand-DAISHI DANCE.mp3
正在下载歌曲 shiver like i used to-notmorgn.mp3
正在下载歌曲 约定-光良.mp3
正在下载歌曲 时钟-不靠谱组合.mp3
正在下载歌曲 江上清风游-变奏的梦想.mp3
正在下载歌曲 you and i-barnes blvd..mp3
正在下载歌曲 My Weakness-This Century.mp3
正在下载歌曲 她姓贾-小晏晏.mp3
正在下载歌曲 Love On The Brain-Rihanna.mp3
正在下载歌曲 Like I'm Gonna Lose You-Meghan Trainor.mp3
正在下载歌曲 流星-王菲.mp3
正在下载歌曲 You Are Not Alone-Frida Amundsen.mp3
正在下载歌曲 断线-Shang.mp3
正在下载歌曲 we used to talk every night-mxmtoon.mp3
正在下载歌曲 我恨我爱你-张惠妹.mp3
正在下载歌曲 2027年-まももP.mp3
正在下载歌曲 Melody Remix-杨延辉.mp3
正在下载歌曲 It's Been a Long, Long Time-Beegie Adair.mp3
正在下载歌曲 白色球鞋-陈奕迅.mp3
正在下载歌曲 13-LANY.mp3
正在下载歌曲 Paris in the Rain-Lauv.mp3
正在下载歌曲 我可以抱你吗-张惠妹.mp3
正在下载歌曲 多想留在你身边-刘增瞳.mp3
正在下载歌曲 荀彧(纯音乐版)-群星.mp3
正在下载歌曲 New Slow-Phlake.mp3
正在下载歌曲 迷宫-王若琳.mp3
正在下载歌曲 Town of Windmill-a_hisa.mp3
正在下载歌曲 Chaperone-Hurts.mp3
正在下载歌曲 无情-曲肖冰.mp3
正在下载歌曲 Surreal-Louis Futon.mp3
正在下载歌曲 里面（Inside）-沈以诚.mp3
正在下载歌曲 关于兰州-秦洋.mp3
正在下载歌曲 梦伴-李悦君Ericaceae.mp3
正在下载歌曲 Palladio-Escala.mp3
正在下载歌曲 A Starlit Sky-The Workday Release.mp3
正在下载歌曲 施舍-苏妙玲.mp3
正在下载歌曲 21-RAiNBOW计划.mp3
正在下载歌曲 没懂爱-叶炫清.mp3
正在下载歌曲 少了你的时间-李泫憙.mp3
正在下载歌曲 三葉のテーマ-RADWIMPS.mp3
正在下载歌曲 崇拜（Cover 林俊杰）-Mario.mp3
正在下载歌曲 想对现在告别-习谱予.mp3
正在下载歌曲 Tennessee-Hans Zimmer.mp3
正在下载歌曲 默契-伦桑.mp3
正在下载歌曲 你不知道-盈妹妹.mp3
正在下载歌曲 Make Them Wheels Roll-SAFIA.mp3
正在下载歌曲 雪见—仙凡之旅-麦振鸿.mp3
正在下载歌曲 Back To December-Taylor Swift.mp3
正在下载歌曲 White Horse-Taylor Swift.mp3
正在下载歌曲 姗姗-金玟岐.mp3
正在下载歌曲 我不会爱-萧敬腾.mp3
正在下载歌曲 烟幕-陈忻玥.mp3
正在下载歌曲 退-蒋蒋.mp3
正在下载歌曲 空空如也 -任然.mp3
正在下载歌曲 Faking It (Radio Edit)-Calvin Harris.mp3
正在下载歌曲 不在-韩安旭.mp3
正在下载歌曲 爱情怎么喊停-曾沛慈.mp3
正在下载歌曲 Viva La Vida-David Garrett.mp3
正在下载歌曲 最美的期待-周笔畅.mp3
正在下载歌曲 似曾-韦礼安.mp3
正在下载歌曲 幸福的风-杨宗纬.mp3
正在下载歌曲 寻-三亩地.mp3
正在下载歌曲 This Winter-The Workday Release.mp3
正在下载歌曲 你要的全拿走-胡彦斌.mp3
下载成功：37 首，下载失败：1首
+-------------------+---------+-----------+
| 歌曲名字          | 艺术家  | ID        |
+-------------------+---------+-----------+
| Love On The Brain | Rihanna | 401712020 |
+-------------------+---------+-----------+
正在下载歌曲 Mr. & Mrs. Beautiful-The Workday Release.mp3
正在下载歌曲 刺猬-钟汶.mp3
正在下载歌曲 Where are you-AniFace.mp3
正在下载歌曲 不找了（Cover：郭旭）-郁欢.mp3
正在下载歌曲 真实-张惠妹.mp3
正在下载歌曲 いのちの名前-広橋真紀子.mp3
正在下载歌曲 #imissyousobad-原子邦妮.mp3
正在下载歌曲 遗憾的温度-刘瑞琦.mp3
正在下载歌曲 Change-Charlie Puth.mp3
正在下载歌曲 全世界谁倾听你 -林宥嘉.mp3
正在下载歌曲 Love home-小周.mp3
正在下载歌曲 Fearless-Dana Lowrey.mp3
正在下载歌曲 想你想疯了-彭佳慧.mp3
正在下载歌曲 等你爱我-陈奕迅.mp3
正在下载歌曲 风居住的街道（Piano ver）-饭碗的彼岸.mp3
正在下载歌曲 其实很爱你-张韶涵.mp3
正在下载歌曲 市集-胡伟立.mp3
正在下载歌曲 遇见-孙燕姿.mp3
正在下载歌曲 对嘴-周笔畅.mp3
正在下载歌曲 不期而遇-刘惜君.mp3
正在下载歌曲 Asphyxia-逆时针向.mp3
正在下载歌曲 三字言-李想Evelyn.mp3
正在下载歌曲 SOMEBODY`S GIRL-Stevie Hoang.mp3
正在下载歌曲 我喜欢上你时的内心活动-陈绮贞.mp3
正在下载歌曲 Tomorrow With You-Senpai.mp3
正在下载歌曲 Mistletoe-Charlie Puth.mp3
正在下载歌曲 平行宇宙-许嵩.mp3
正在下载歌曲 Last Train Home-Joshua Hyslop.mp3
正在下载歌曲 我在那一角落患过伤风-冯曦妤.mp3
正在下载歌曲 天后-陈势安.mp3
正在下载歌曲 Rise - Epic Music-John Dreamer.mp3
正在下载歌曲 I Do-A Rocket to the Moon.mp3
正在下载歌曲 童话镇-陈一发儿.mp3
正在下载歌曲 请别说爱我-胡66.mp3
正在下载歌曲 Ø-The Tumbled Sea.mp3
正在下载歌曲 Love In A Box-The Workday Release.mp3
正在下载歌曲 Lolita-金海心.mp3
正在下载歌曲 望天-孙有然.mp3
正在下载歌曲 Flower Dance, Pt. 2-DJ Okawari.mp3
正在下载歌曲 你给我听好-刘瑞琦.mp3
正在下载歌曲 不说出的温柔-范逸臣.mp3
正在下载歌曲 宝贝 (in a day)-张悬.mp3
正在下载歌曲 很自己-伍家辉.mp3
正在下载歌曲 寂寞，好了-蔡旻佑.mp3
正在下载歌曲 Senbonzakura [SS-Extended+Bass]-Lindsey Stirling.mp3
正在下载歌曲 岁月神偷-金玟岐.mp3
正在下载歌曲 Monsters-Katie Sky.mp3
正在下载歌曲 达尔文-蔡健雅.mp3
正在下载歌曲 Faidherbe square (instrumental)-ProleteR.mp3
正在下载歌曲 蒙面(Demo)-梁栋江.mp3
正在下载歌曲 Patience-Shawn Mendes.mp3
正在下载歌曲 末日不孤单-李代沫.mp3
正在下载歌曲 At The Edge-千坂.mp3
正在下载歌曲 撒野（Cover：欸-61）-凯瑟喵.mp3
正在下载歌曲 舍得-王呈章.mp3
正在下载歌曲 夏野与暗恋-闫东炜.mp3
正在下载歌曲 Statue-Lil' Eddie.mp3
正在下载歌曲 玩笑-刘瑞琦.mp3
正在下载歌曲 我们爱过就好-薛之谦.mp3
正在下载歌曲 几个你-薛之谦.mp3
正在下载歌曲 Beyond The Memory-July.mp3
正在下载歌曲 Supermarket Flowers-Ed Sheeran.mp3
正在下载歌曲 都是你的-RAiNBOW计划.mp3
正在下载歌曲 不具名的悲伤-罗志祥.mp3
正在下载歌曲 In My Blood-Shawn Mendes.mp3
正在下载歌曲 寂静之声-群星.mp3
正在下载歌曲 有你的快乐-王若琳.mp3
正在下载歌曲 我是傻瓜-任韵淇.mp3
正在下载歌曲 The Flood-Joshua Hyslop.mp3
正在下载歌曲 说散就散-JC.mp3
正在下载歌曲 你要的全拿走-胡彦斌.mp3
正在下载歌曲 Kiss Me-Charlie Puth.mp3
正在下载歌曲 10 Hz Alpha Thunderstorm (Extended Version)-White Noise Meditation.mp3
正在下载歌曲 意外-薛之谦.mp3
正在下载歌曲 舍不得是我-汪睿.mp3
正在下载歌曲 不为谁而作的歌-林俊杰.mp3
正在下载歌曲 只只-孟凡明.mp3
正在下载歌曲 我要你-任素汐.mp3
正在下载歌曲 O-Coldplay.mp3
正在下载歌曲 你，好不好？（Cover 周兴哲）-胖胖胖.mp3
正在下载歌曲 好说好散-苏琛.mp3
正在下载歌曲 Hymn For The Weekend-Coldplay.mp3
正在下载歌曲 远走高飞-金志文.mp3
正在下载歌曲 Before You Break My Heart-Stevie Hoang.mp3
正在下载歌曲 失眠-金志文.mp3
正在下载歌曲 欠你的歌-丁于.mp3
正在下载歌曲 春风吹-方大同.mp3
正在下载歌曲 病名为爱 x 大鱼-嘟比Dubi.mp3
正在下载歌曲 非酋-薛明媛.mp3
正在下载歌曲 Only Wish-Nicholas Cheung.mp3
正在下载歌曲 那年的情书-江美琪.mp3
正在下载歌曲 每个人都会-方大同.mp3
正在下载歌曲 Aphrodite-S.E.N.S..mp3
正在下载歌曲 有一种爱叫做放手-阿木.mp3
正在下载歌曲 你被写在我的歌声里-伯村清唱团.mp3
正在下载歌曲 谎（无念白版）-凯瑟喵.mp3
正在下载歌曲 追光者 纯人声改编（Cover 岑宁儿）-黎子明.mp3
下载成功：41 首，下载失败：1首
+----------+--------+-----------+
| 歌曲名字 | 艺术家 | ID        |
+----------+--------+-----------+
| 没懂爱   | 叶炫清 | 441429273 |
+----------+--------+-----------+
正在下载歌曲 夏夜-四季音色.mp3
正在下载歌曲 同类-陈俊彤.mp3
正在下载歌曲 繁华的寂静-文武贝.mp3
正在下载歌曲 狐狸-薛之谦.mp3
正在下载歌曲 记昨日书-伏仪.mp3
正在下载歌曲 Chiru (Saisei no Uta)-Robert de Boron.mp3
正在下载歌曲 To Hebe-田馥甄.mp3
正在下载歌曲 深夜的歌-张过年.mp3
正在下载歌曲 Rodeo-Robbie Nova.mp3
正在下载歌曲 Come Back For You-Elephante.mp3
正在下载歌曲 想你想疯了-许一鸣.mp3
正在下载歌曲 只对你有感觉-飞轮海.mp3
正在下载歌曲 Carlos Gardel, Alfredo Le Pera: Por Una Cabeza-Martynas.mp3
正在下载歌曲 白羊-徐秉龙.mp3
正在下载歌曲 原来如此-翁梓铭.mp3
正在下载歌曲 告白气球-周杰伦.mp3
正在下载歌曲 三角题-二珂.mp3
正在下载歌曲 Astral Requiem-山下直人.mp3
正在下载歌曲 红昭愿-音阙诗听.mp3
正在下载歌曲 i'm not crying it's just raining-Kenai.mp3
正在下载歌曲 被驯服的象-蔡健雅.mp3
正在下载歌曲 What Remains of Our Chalk Road-Circadian Eyes.mp3
正在下载歌曲 围墙-李玖哲.mp3
正在下载歌曲 你离开那天的天气-小楚.mp3
正在下载歌曲 When The Light Comes-Dirk Reichardt.mp3
正在下载歌曲 愿你-昼夜.mp3
正在下载歌曲 Time To Love-October.mp3
正在下载歌曲 其实都没有-杨宗纬.mp3
正在下载歌曲 起风了（Cover 高橋優）-买辣椒也用券.mp3
正在下载歌曲 Larrons En Foire-Raphaël Beau.mp3
正在下载歌曲 晚安晚安-魏如萱.mp3
正在下载歌曲 会有那么一天（Cover 林俊杰）-Pino.mp3
正在下载歌曲 Bloom of Youth-清水準一.mp3
正在下载歌曲 爱德华的小说-蒋蒋.mp3
正在下载歌曲 致，孤勇如你-情桑.mp3
正在下载歌曲 会有那么一天-林俊杰.mp3
正在下载歌曲 Fell for U-Noicybino.mp3
正在下载歌曲 爱的就是你-刘佳.mp3
正在下载歌曲 小半（Cover 陈粒）-Babystop_山竹.mp3
正在下载歌曲 ヨスガノソラ メインテーマ -遠い空へ--三輪学.mp3
正在下载歌曲 Let Me Know-习谱予.mp3
正在下载歌曲 城市恋语-平纱落雁音乐团队.mp3
正在下载歌曲 Snowdream-Bandari.mp3
正在下载歌曲 情书（Cover 原曲 / What are words）-漆柚.mp3
正在下载歌曲 遇见（Cover 孙燕姿）-伦桑.mp3
正在下载歌曲 The promise-Secret Garden.mp3
正在下载歌曲 我们俩-郭顶.mp3
正在下载歌曲 fish in the pool ・花屋敷-ヘクとパスカル.mp3
正在下载歌曲 我唯一青春里的路人-陈雪凝.mp3
正在下载歌曲 好好说再见-陶喆.mp3
正在下载歌曲 アゲイン-横山克.mp3
正在下载歌曲 过境-愚青.mp3
正在下载歌曲 Mariage d'amour-Richard Clayderman.mp3
正在下载歌曲 Fight Song-Rachel Platten.mp3
正在下载歌曲 最后一首情歌-苏琛.mp3
正在下载歌曲 canon in d-Brian Crain.mp3
正在下载歌曲 发如雪-周杰伦.mp3
正在下载歌曲 一路向北-周杰伦.mp3
正在下载歌曲 分礼进行曲-RAiNBOW计划.mp3
正在下载歌曲 失物招领-徐秉龙.mp3
正在下载歌曲 太早-刘允乐.mp3
正在下载歌曲 Nature's Path-Dan Gibson.mp3
正在下载歌曲 《在风里》（【恋与制作人】——白起原创同人歌曲）-卡修Rui.mp3
正在下载歌曲 我不配-周杰伦.mp3
正在下载歌曲 起风了（Cover 高橋優）-买辣椒也用券.mp3
正在下载歌曲 Windy Hill-羽肿.mp3
正在下载歌曲 青山语-三个糙汉一个软妹组.mp3
正在下载歌曲 Careless Whisper-Sam Levine.mp3
正在下载歌曲 她-朱婧汐JING.mp3
正在下载歌曲 你是最好的诗人-Winky诗.mp3
正在下载歌曲 Always With Me-木村弓.mp3
下载成功：69 首，下载失败：4首
+--------------+--------+-----------+
| 歌曲名字     | 艺术家 | ID        |
+--------------+--------+-----------+
| 再见         | 秦洋   | 513357806 |
| 退           | 蒋蒋   | 509508063 |
| 爱德华的小说 | 蒋蒋   | 493866436 |
| 我不配       | 周杰伦 | 185818    |
+--------------+--------+-----------+
正在下载歌曲 心酸-林宥嘉.mp3
正在下载歌曲 谷雨 伴奏-桑葚上的猴子.mp3
正在下载歌曲 人间失格~メインテーマ~-中島ノブユキ.mp3
正在下载歌曲 New York City-Owl City.mp3
正在下载歌曲 Don Coi (Instrumental)-Truong Quynh Anh.mp3
正在下载歌曲 我们的明天（Cover 鹿晗）-泥鳅Niko.mp3
正在下载歌曲 10PM-KBShinya.mp3
正在下载歌曲 City-羽肿.mp3
正在下载歌曲 来日方长-李上安.mp3
正在下载歌曲 青空-Candy_Wind.mp3
正在下载歌曲 Brotherhood-John Dreamer.mp3
正在下载歌曲 忠骨（纯歌版）-First Sight音乐团体.mp3
正在下载歌曲 Ever Eternity-Dennis Kuo.mp3
正在下载歌曲 Let It Out-Frances.mp3
正在下载歌曲 路过世界的旅行家 （Be 填词）-云の泣.mp3
正在下载歌曲 万里の长城-太田美知彦.mp3
正在下载歌曲 Who's Lovin' You-October.mp3
正在下载歌曲 星晴-周杰伦.mp3
正在下载歌曲 一路向北-周杰伦.mp3
正在下载歌曲 Nightingale-Yanni.mp3
正在下载歌曲 世界未末日-周杰伦.mp3
正在下载歌曲 麦芽糖-周杰伦.mp3
正在下载歌曲 听见下雨的声音-周杰伦.mp3
正在下载歌曲 园游会-周杰伦.mp3
正在下载歌曲 天真有邪-林宥嘉.mp3
正在下载歌曲 说谎-林宥嘉.mp3
正在下载歌曲 Danuvius-Audio Machine.mp3
正在下载歌曲 不定-苏琛.mp3
正在下载歌曲 In Love-July.mp3
正在下载歌曲 承蒙错爱-小义学长.mp3
正在下载歌曲 时代を超える想い2-和田薫.mp3
正在下载歌曲 腻味-金玟岐.mp3
正在下载歌曲 Inspire-Capo Productions.mp3
正在下载歌曲 阍者-简弘亦.mp3
正在下载歌曲 η-α·Pav.mp3
正在下载歌曲 歪歪？（Cover 洛天依）-阿颖不说话.mp3
正在下载歌曲 Nothing To Fear-Dexter Britain.mp3
正在下载歌曲 Cry for the moon-出羽良彰.mp3
正在下载歌曲 稷下时光（淄博）-大邱.mp3
正在下载歌曲 儿时的夏日-余日秋山.mp3
正在下载歌曲 Por Una Cabeza-Thomas Newman.mp3
正在下载歌曲 世间-王宇良.mp3
正在下载歌曲 The Flight Of The Bumble-Bee-Maksim Mrvica.mp3
正在下载歌曲 你被写在我的歌里-李蚊香.mp3
正在下载歌曲 回梦游仙-骆集益.mp3
正在下载歌曲 He's a Pirate (Pirates of the Caribbean theme)-David Garrett.mp3
正在下载歌曲 Time travel-岸部眞明.mp3
正在下载歌曲 寂静之空-傅许.mp3
正在下载歌曲 One Last Time-Justin Bryte.mp3
正在下载歌曲 3055-Ólafur Arnalds.mp3
正在下载歌曲 Whistle-Glee Cast.mp3
正在下载歌曲 1967-ゴンチチ.mp3
正在下载歌曲 时钟-不靠谱组合.mp3
正在下载歌曲 Eutopia-Yoohsic Roomz.mp3
正在下载歌曲 一点点-林宥嘉.mp3
正在下载歌曲 勿忘你-林宥嘉.mp3
正在下载歌曲 Yuri on ICE-梅林太郎.mp3
正在下载歌曲 鸟之诗 - 八音盒版-V.A..mp3
正在下载歌曲 连名带姓-张惠妹.mp3
正在下载歌曲 飞-林宥嘉.mp3
正在下载歌曲 夏の喚く-邱有句.mp3
正在下载歌曲 小王子（Cover Evin.柒）-鹿暖倾城工作室.mp3
正在下载歌曲 Smooth Criminal (Michael Jackson)-David Garrett.mp3
正在下载歌曲 学不会 （Cover 林俊杰）-伦桑.mp3
正在下载歌曲 流れ行く云-岸部眞明.mp3
正在下载歌曲 Maps-Madilyn Bailey.mp3
正在下载歌曲 奇迹の山-岸部眞明.mp3
正在下载歌曲 落霞云归（Cover 慕寒）-锦零.mp3
正在下载歌曲 勿念他归-V.A..mp3
正在下载歌曲 Love Yourself-Conor Maynard.mp3
正在下载歌曲 Awake-Trazer.mp3
正在下载歌曲 千禧-徐秉龙.mp3
正在下载歌曲 夏祭り、夢花火。-妹尾武.mp3
正在下载歌曲 香草吧噗-南拳妈妈.mp3
正在下载歌曲 My Heart Will Go On-Kenny G.mp3
正在下载歌曲 玻璃糖-徐梦圆.mp3
正在下载歌曲 The Beginning-Ryan.mp3
正在下载歌曲 像风一样-薛之谦.mp3
正在下载歌曲 Fragments-千坂.mp3
正在下载歌曲 Exodus-Maksim Mrvica.mp3
正在下载歌曲 末日之前-MLK麋鹿王国.mp3
正在下载歌曲 水边的阿狄丽娜-Richard Clayderman.mp3
正在下载歌曲 再次走向你（Cover耿耿于怀）-河豚.mp3
正在下载歌曲 Dragonfly Keeper-Phildel.mp3
正在下载歌曲 木头的心-左颜.mp3
正在下载歌曲 化身孤岛的鲸（Cover 只佛）-萧忆情Alex.mp3
正在下载歌曲 you-M.Graveyard.mp3
正在下载歌曲 Childhood Memory-Bandari.mp3
正在下载歌曲 大风又起-郭春雷.mp3
正在下载歌曲 Aurora Borealis-John H. Clarke.mp3
正在下载歌曲 附录情歌（Cover 牧野由依）-王梓钰.mp3
正在下载歌曲 外婆的话【不才】-不才.mp3
正在下载歌曲 Merry Christmas Mr. Lawrence-坂本龍一.mp3
正在下载歌曲 風見鶏-DEPAPEPE.mp3
正在下载歌曲 暖色胶片-帝听sakya.mp3
正在下载歌曲 바람에 쓰는 편지-July.mp3
正在下载歌曲 Bamboo-Piano Master.mp3
正在下载歌曲 Love The Way You Lie/Not Afraid-J Rice.mp3
正在下载歌曲 月光の雲海-久石譲.mp3
正在下载歌曲 我知道-王佳念.mp3
正在下载歌曲 I Believe-Dave Koz.mp3
正在下载歌曲 木头的心-小缘.mp3
正在下载歌曲 風の詩-押尾コータロー.mp3
正在下载歌曲 放过-崔天琪.mp3
正在下载歌曲  秋姉妹のなく頃に in the autumn sky-ばんばんしー.mp3
正在下载歌曲 舍得-王呈章.mp3
正在下载歌曲 Vakning að elska-Misha Mishenko.mp3
正在下载歌曲 秋日的私语-Richard Clayderman.mp3
正在下载歌曲 7 Years-Madilyn Bailey.mp3
正在下载歌曲 临安初雨(纯音乐)-小旭音乐.mp3
正在下载歌曲 旅途（Cover 金玟岐）-荼夏.mp3
正在下载歌曲 和煦的糖果风-Candy_Wind.mp3
正在下载歌曲 秘语 (原创作版)-林采欣.mp3
正在下载歌曲 Down By the Salley Gardens-Joanie Madden.mp3
正在下载歌曲 你（独唱版）-张雨晴.mp3
正在下载歌曲 桜道-Jusqu'à Grand-Père.mp3
正在下载歌曲 谓风-流仙.mp3
正在下载歌曲 歳月-雲流れ--Foxtail-Grass Studio.mp3
正在下载歌曲 Old Memory-三輪学.mp3
正在下载歌曲 Piano Beat-BeaTsGOy.mp3
正在下载歌曲 Steal My Girl-One Direction.mp3
正在下载歌曲 恶意-秦洋.mp3
正在下载歌曲 Somewhere-July.mp3
正在下载歌曲 耿耿于怀-王笑文.mp3
正在下载歌曲 Illusionary Daytime-Shirfine.mp3
正在下载歌曲 一个像夏天一个像秋天-陶辚竹.mp3
正在下载歌曲 Caravan-a_hisa.mp3
正在下载歌曲 I Really Like You-Anthem Lights.mp3
正在下载歌曲 Still-Timirage.mp3
正在下载歌曲 Somnambulating-羽肿.mp3
正在下载歌曲 I Wanna(我想)(Live)-余佳运.mp3
正在下载歌曲 Blue Sky Athletics (Bonus Track)-横田真人.mp3
正在下载歌曲 SUBURBIA-Troye Sivan.mp3
正在下载歌曲 To Vals Tou Gamou-Eleni Karaindrou.mp3
正在下载歌曲 天府乐-许镜清.mp3
正在下载歌曲 やわらかな光-やまだ豊.mp3
正在下载歌曲 别问我（Cover 孙丹菲）-河豚.mp3
正在下载歌曲 The Story Never Ends (Piano Version)-Lauv.mp3
正在下载歌曲 Drive-Oh Wonder.mp3
正在下载歌曲 想い出は遠くの日々-天門.mp3
正在下载歌曲 Officially Missing You（Cover Tamia）-DoerChan.mp3
正在下载歌曲 Silent Love (Main Theme)-久石譲.mp3
正在下载歌曲 是你依然在-萧忆情Alex.mp3
正在下载歌曲 中二也要弹钢琴-徐梦圆.mp3
正在下载歌曲 再见---警察-冯曦妤.mp3
正在下载歌曲 Chasing All the Stars-Fleurie.mp3
正在下载歌曲 ドラえも～ん！-菊池俊輔.mp3
正在下载歌曲 Look Through Your Eyes-黄雨篱.mp3
正在下载歌曲 Adventure Time-Philter.mp3
正在下载歌曲 温存-沈三北.mp3
正在下载歌曲 太阳照常升起-久石譲.mp3
正在下载歌曲 走马（Cover 陈粒）-不靠谱组合.mp3
正在下载歌曲 Escape This Moment-Lightscape.mp3
正在下载歌曲 Ready Yet-Sasha Sloan.mp3
正在下载歌曲 Moon Flow-Nomak.mp3
正在下载歌曲 Shy-Jai Waetford.mp3
正在下载歌曲 Keep On Doing What You Do-Loving Caliber.mp3
正在下载歌曲 渚-麻枝准.mp3
正在下载歌曲 1-800-273-8255-Tiffany Alvord.mp3
正在下载歌曲 记念-RAiNBOW计划.mp3
正在下载歌曲 꿈속에서-甘雨.mp3
正在下载歌曲 如风过境-哎哟蔚蔚.mp3
正在下载歌曲 cocoon-林ゆうき.mp3
正在下载歌曲 我还是很喜欢你(Demo)-CANNIE(晴子).mp3
正在下载歌曲 Summer Fantasy~-傅许.mp3
正在下载歌曲 几分之几 (You Complete Me)-卢广仲.mp3
正在下载歌曲 Felicity-Isaac Shepard.mp3
正在下载歌曲 说实话 (Demo版)-张简君伟.mp3
正在下载歌曲 花海-周杰伦.mp3
正在下载歌曲 春风吹（Cover 方大同）-锦零.mp3
正在下载歌曲 Last Reincarnation-AniFace.mp3
正在下载歌曲 我想（Cover 董昱昆）-麓七.mp3
正在下载歌曲 Your Eyes-Andrew Jasinski.mp3
正在下载歌曲 Apart Again-黄雨篱.mp3
正在下载歌曲 高雅~メインテーマ-S.E.N.S..mp3
正在下载歌曲 Song from a Secret Garden-Secret Garden.mp3
正在下载歌曲 路过南京，路过你-江皓南.mp3
正在下载歌曲 Sad Angel-伊戈尔.克鲁托伊.mp3
正在下载歌曲 温暖的房间-刘瑞琦.mp3
正在下载歌曲 Love-Finding Hope.mp3
正在下载歌曲 笑傲江湖曲(琴箫合奏)-胡伟立.mp3
正在下载歌曲 Righteous Path-Blazo.mp3
正在下载歌曲 再见-秦洋.mp3
正在下载歌曲 等我回家-薛之谦.mp3
正在下载歌曲 春よ、来い-SMOOTH J.mp3
正在下载歌曲 Alone On The Way-Pianoboy高至豪.mp3
正在下载歌曲 迎刃-周深.mp3
正在下载歌曲 侧脸-于果.mp3
正在下载歌曲 夏に花が散る-羽肿.mp3
正在下载歌曲 爱后余生-任然.mp3
正在下载歌曲 Sky High-Thomas Prime.mp3
正在下载歌曲 梦呓-王宇良.mp3
正在下载歌曲 what for?-sAr.mp3
正在下载歌曲 果车-尚东峰.mp3
正在下载歌曲 ふるさとの匂い-吉森信.mp3
正在下载歌曲 背着石头走路的人-黄雨篱.mp3
正在下载歌曲 青石巷-魏琮霏.mp3
正在下载歌曲 These Days-Rudimental.mp3
正在下载歌曲 烟幕-陈忻玥.mp3
正在下载歌曲 Through the Arbor-Kevin Kern.mp3
正在下载歌曲 船-林宥嘉.mp3
正在下载歌曲 拥有Masbfca (广告配乐完整版)-几米.mp3
正在下载歌曲 藏-徐梦圆.mp3
正在下载歌曲 theme of SSS-ANANT-GARDE EYES.mp3
正在下载歌曲 最美的期待-周笔畅.mp3
下载成功：195 首，下载失败：1首
+------------------------------+----------+---------+
| 歌曲名字                     | 艺术家   | ID      |
+------------------------------+----------+---------+
| Merry Christmas Mr. Lawrence | 坂本龍一 | 4899152 |
+------------------------------+----------+---------+
正在下载歌曲 无问-毛不易.mp3
正在下载歌曲 盲目自信-郁可唯.mp3
正在下载歌曲 林宥嘉-徐秉龙.mp3
正在下载歌曲 不说话-村长.mp3
正在下载歌曲 路易斯与克拉克-黄雨篱.mp3
正在下载歌曲 猫眼里的半途-尚东峰.mp3
正在下载歌曲 一缕执念-周深.mp3
正在下载歌曲 想着你-郭顶.mp3
正在下载歌曲 离人（Cover 林志炫）-Assen捷.mp3
正在下载歌曲 让我留在你身边-Vk.mp3
正在下载歌曲 Yesterday-KDrew.mp3
正在下载歌曲 在,也不见 - From "Distance" / Main Theme Song-孙燕姿.mp3
正在下载歌曲 平坦-栗先达.mp3
正在下载歌曲 黑夜问白天-林俊杰.mp3
正在下载歌曲 伟大的渺小-林俊杰.mp3
正在下载歌曲 小瓶子-林俊杰.mp3
正在下载歌曲 Until the Day-林俊杰.mp3
正在下载歌曲 舍不得-曾静玟.mp3
正在下载歌曲 当妮走了remix-前男友.mp3
正在下载歌曲 好不好啊-黄雨篱.mp3
正在下载歌曲 水星记-郭顶.mp3
正在下载歌曲 Strip That Down-Liam Payne.mp3
正在下载歌曲 Too Much To Ask-Niall Horan.mp3
正在下载歌曲 退-蒋蒋.mp3
正在下载歌曲 空空如也 -任然.mp3
正在下载歌曲 等你下课 (with 杨瑞代)-周杰伦.mp3
正在下载歌曲 那些年-胡夏.mp3
正在下载歌曲 晴天-周杰伦.mp3
正在下载歌曲 七里香-周杰伦.mp3
正在下载歌曲 那年幸福-阿冷.mp3
正在下载歌曲 幻-不可撤销.mp3
正在下载歌曲 小半（Cover 陈粒）-小坠.mp3
正在下载歌曲 Mystery of Love-Sufjan Stevens.mp3
正在下载歌曲 YOUTH (Acoustic)-Troye Sivan.mp3
正在下载歌曲 What Do You Mean (Acoustic) - 不插电版-Justin Bieber.mp3
正在下载歌曲 骄傲的少年-南征北战.mp3
正在下载歌曲 我唱情歌给你听（大合唱串烧）（Cover 吴海啸 / 黄雯婷）-李惠芹.mp3
正在下载歌曲 爸爸妈妈-李荣浩.mp3
正在下载歌曲 孤独的总和-吴汶芳.mp3
正在下载歌曲 一万次悲伤-逃跑计划.mp3
正在下载歌曲 我一定会爱上你-谢春花.mp3
正在下载歌曲 Free Loop (Live) - live-Daniel Powter.mp3
正在下载歌曲 海鸥-栗先达.mp3
正在下载歌曲 对面-曾楠.mp3
正在下载歌曲 一厢情愿的不舍-张磊.mp3
正在下载歌曲 热勇-栗先达.mp3
正在下载歌曲 给郁结的诗-小安.mp3
正在下载歌曲 傲寒-马頔.mp3
正在下载歌曲 猎户星座-朴树.mp3
正在下载歌曲 书信几行-代鑫.mp3
正在下载歌曲 Roses-The Chainsmokers.mp3
正在下载歌曲 Symphony (Acoustic Version)-Clean Bandit.mp3
正在下载歌曲 All We Know-The Chainsmokers.mp3
正在下载歌曲 终于我明白-阿冷.mp3
正在下载歌曲 Slippin-Taylor Thrash.mp3
正在下载歌曲 失恋重修手册-税子洺.mp3
正在下载歌曲 觅香-栗先达.mp3
正在下载歌曲 王力宏串烧（Cover 王力宏）-不靠谱组合.mp3
正在下载歌曲 不为谁而作的歌-林俊杰.mp3
正在下载歌曲 加油！-MC Hotdog.mp3
正在下载歌曲 让我留在你身边 (原唱作版伴奏)-唐汉霄.mp3
正在下载歌曲 遇见-孙燕姿.mp3
正在下载歌曲 花儿和少年-薛之谦.mp3
正在下载歌曲 日落大道-梁博.mp3
正在下载歌曲 等下一个他-习谱予.mp3
正在下载歌曲 未完成的歌-薛之谦.mp3
正在下载歌曲 修炼爱情-林俊杰.mp3
正在下载歌曲 再也没有-Ryan.B.mp3
正在下载歌曲 春风十里-鹿先森乐队.mp3
下载成功：231 首，下载失败：23首
+------------------------+--------------+-----------+
| 歌曲名字               | 艺术家       | ID        |
+------------------------+--------------+-----------+
| Back To December       | Taylor Swift | 19292840  |
| White Horse            | Taylor Swift | 19292986  |
| Hymn For The Weekend   | Coldplay     | 37240629  |
| 告白气球               | 周杰伦       | 418603077 |
| 发如雪                 | 周杰伦       | 185906    |
| 一路向北               | 周杰伦       | 185924    |
| 星晴                   | 周杰伦       | 186149    |
| 一路向北               | 周杰伦       | 185948    |
| 世界未末日             | 周杰伦       | 185621    |
| 麦芽糖                 | 周杰伦       | 185918    |
| 听见下雨的声音         | 周杰伦       | 29822014  |
| 园游会                 | 周杰伦       | 186008    |
| 连名带姓               | 张惠妹       | 522352195 |
| 花海                   | 周杰伦       | 185697    |
| 再见                   | 秦洋         | 513357806 |
| 黑夜问白天             | 林俊杰       | 526470317 |
| 伟大的渺小             | 林俊杰       | 526470318 |
| 小瓶子                 | 林俊杰       | 526464396 |
| Until the Day          | 林俊杰       | 526470316 |
| 退                     | 蒋蒋         | 509508063 |
| 等你下课 (with 杨瑞代) | 周杰伦       | 531051217 |
| 晴天                   | 周杰伦       | 186016    |
| 七里香                 | 周杰伦       | 186001    |
+------------------------+--------------+-----------+
